# JRE version: Java(TM) SE Runtime Environment (10.0.2+13) (build 10.0.2+13)
# Java VM: Java HotSpot(TM) 64-Bit Server VM (10.0.2+13, mixed mode, tiered, compressed oops, g1 gc, bsd-amd64)
Heap:
 garbage-first heap   total 131072K, used 23667K [0x0000000740000000, 0x00000007c0000000)
  region size 1024K, 12 young (12288K), 10 survivors (10240K)
 Metaspace       used 34773K, capacity 36136K, committed 36352K, reserved 1081344K
  class space    used 4118K, capacity 4701K, committed 4736K, reserved 1048576K
GC Heap History (10 events):
Event: 3.694 GC heap before
{Heap before GC invocations=1 (full 0):
 garbage-first heap   total 131072K, used 16898K [0x0000000740000000, 0x00000007c0000000)
  region size 1024K, 14 young (14336K), 2 survivors (2048K)
 Metaspace       used 12297K, capacity 12516K, committed 12672K, reserved 1060864K
  class space    used 1312K, capacity 1383K, committed 1408K, reserved 1048576K
}
Event: 3.701 GC heap after
{Heap after GC invocations=2 (full 0):
 garbage-first heap   total 131072K, used 6221K [0x0000000740000000, 0x00000007c0000000)
  region size 1024K, 2 young (2048K), 2 survivors (2048K)
 Metaspace       used 12297K, capacity 12516K, committed 12672K, reserved 1060864K
  class space    used 1312K, capacity 1383K, committed 1408K, reserved 1048576K
}
Event: 6.381 GC heap before
{Heap before GC invocations=2 (full 0):
 garbage-first heap   total 131072K, used 33869K [0x0000000740000000, 0x00000007c0000000)
  region size 1024K, 29 young (29696K), 2 survivors (2048K)
 Metaspace       used 18920K, capacity 19247K, committed 19712K, reserved 1067008K
  class space    used 2099K, capacity 2219K, committed 2304K, reserved 1048576K
}
Event: 6.395 GC heap after
{Heap after GC invocations=3 (full 0):
 garbage-first heap   total 131072K, used 8847K [0x0000000740000000, 0x00000007c0000000)
  region size 1024K, 4 young (4096K), 4 survivors (4096K)
 Metaspace       used 18920K, capacity 19247K, committed 19712K, reserved 1067008K
  class space    used 2099K, capacity 2219K, committed 2304K, reserved 1048576K
}
Event: 6.975 GC heap before
{Heap before GC invocations=3 (full 0):
 garbage-first heap   total 131072K, used 18063K [0x0000000740000000, 0x00000007c0000000)
  region size 1024K, 14 young (14336K), 4 survivors (4096K)
 Metaspace       used 20628K, capacity 21024K, committed 21248K, reserved 1069056K
  class space    used 2355K, capacity 2517K, committed 2560K, reserved 1048576K
}
Event: 6.986 GC heap after
{Heap after GC invocations=4 (full 0):
 garbage-first heap   total 131072K, used 9470K [0x0000000740000000, 0x00000007c0000000)
  region size 1024K, 4 young (4096K), 4 survivors (4096K)
 Metaspace       used 20628K, capacity 21024K, committed 21248K, reserved 1069056K
  class space    used 2355K, capacity 2517K, committed 2560K, reserved 1048576K
}
Event: 17.438 GC heap before
{Heap before GC invocations=5 (full 0):
 garbage-first heap   total 131072K, used 52478K [0x0000000740000000, 0x00000007c0000000)
  region size 1024K, 41 young (41984K), 4 survivors (4096K)
 Metaspace       used 27995K, capacity 28439K, committed 28928K, reserved 1075200K
  class space    used 3106K, capacity 3285K, committed 3328K, reserved 1048576K
}
Event: 17.452 GC heap after
{Heap after GC invocations=6 (full 0):
 garbage-first heap   total 131072K, used 13652K [0x0000000740000000, 0x00000007c0000000)
  region size 1024K, 6 young (6144K), 6 survivors (6144K)
 Metaspace       used 27995K, capacity 28439K, committed 28928K, reserved 1075200K
  class space    used 3106K, capacity 3285K, committed 3328K, reserved 1048576K
}
Event: 54.278 GC heap before
{Heap before GC invocations=6 (full 0):
 garbage-first heap   total 131072K, used 74068K [0x0000000740000000, 0x00000007c0000000)
  region size 1024K, 66 young (67584K), 6 survivors (6144K)
 Metaspace       used 34402K, capacity 35800K, committed 35840K, reserved 1081344K
  class space    used 4084K, capacity 4696K, committed 4736K, reserved 1048576K
}
Event: 54.321 GC heap after
{Heap after GC invocations=7 (full 0):
 garbage-first heap   total 131072K, used 22643K [0x0000000740000000, 0x00000007c0000000)
  region size 1024K, 10 young (10240K), 10 survivors (10240K)
 Metaspace       used 34402K, capacity 35800K, committed 35840K, reserved 1081344K
  class space    used 4084K, capacity 4696K, committed 4736K, reserved 1048576K
}

